5/18/2020 2:43:19 PM : Starting Network Model Serivice...
5/18/2020 2:43:19 PM : Inserting entity with GID (0000000100000001).
5/18/2020 2:43:19 PM : Inserting entity with GID (0000000b00000001).
5/18/2020 2:43:19 PM : Inserting entity with GID (0000000a00000001).
5/18/2020 2:43:19 PM : Inserting entity with GID (0000000200000001).
5/18/2020 2:43:19 PM : Inserting entity with GID (0000000200000002).
5/18/2020 2:43:19 PM : Inserting entity with GID (0000000400000001).
5/18/2020 2:43:19 PM : Inserting entity with GID (0000000400000002).
5/18/2020 2:43:19 PM : Inserting entity with GID (0000000400000003).
5/18/2020 2:43:19 PM : Inserting entity with GID (0000000400000004).
5/18/2020 2:43:19 PM : Inserting entity with GID (0000000400000005).
5/18/2020 2:43:19 PM : Inserting entity with GID (0000000400000006).
5/18/2020 2:43:19 PM : Inserting entity with GID (0000000400000007).
5/18/2020 2:43:19 PM : Inserting entity with GID (0000000400000008).
5/18/2020 2:43:19 PM : Inserting entity with GID (0000000400000009).
5/18/2020 2:43:19 PM : Inserting entity with GID (000000040000000a).
5/18/2020 2:43:19 PM : Inserting entity with GID (000000040000000b).
5/18/2020 2:43:19 PM : Inserting entity with GID (0000000500000001).
5/18/2020 2:43:19 PM : Inserting entity with GID (0000000500000002).
5/18/2020 2:43:19 PM : Inserting entity with GID (0000000900000001).
5/18/2020 2:43:19 PM : Inserting entity with GID (0000000c00000001).
5/18/2020 2:43:19 PM : Inserting entity with GID (0000000c00000002).
5/18/2020 2:43:19 PM : Inserting entity with GID (0000000d00000001).
5/18/2020 2:43:19 PM : Inserting entity with GID (0000000d00000002).
5/18/2020 2:43:19 PM : Inserting entity with GID (0000000d00000003).
5/18/2020 2:43:19 PM : Inserting entity with GID (0000000d00000004).
5/18/2020 2:43:19 PM : Inserting entity with GID (0000000d00000005).
5/18/2020 2:43:19 PM : Inserting entity with GID (0000000d00000006).
5/18/2020 2:43:19 PM : Inserting entity with GID (0000000d00000007).
5/18/2020 2:43:19 PM : Inserting entity with GID (0000000d00000008).
5/18/2020 2:43:19 PM : Inserting entity with GID (0000000d00000009).
5/18/2020 2:43:19 PM : Inserting entity with GID (0000000d0000000a).
5/18/2020 2:43:19 PM : Inserting entity with GID (0000000d0000000b).
5/18/2020 2:43:19 PM : Inserting entity with GID (0000000d0000000c).
5/18/2020 2:43:19 PM : Inserting entity with GID (0000000d0000000d).
5/18/2020 2:43:19 PM : Inserting entity with GID (0000000d0000000e).
5/18/2020 2:43:19 PM : Inserting entity with GID (0000000d0000000f).
5/18/2020 2:43:19 PM : Inserting entity with GID (0000000d00000010).
5/18/2020 2:43:19 PM : Inserting entity with GID (0000000d00000011).
5/18/2020 2:43:19 PM : Inserting entity with GID (0000000300000001).
5/18/2020 2:43:19 PM : Inserting entity with GID (0000000300000002).
5/18/2020 2:43:19 PM : Inserting entity with GID (0000000300000003).
5/18/2020 2:43:19 PM : Inserting entity with GID (0000000300000004).
5/18/2020 2:43:19 PM : Inserting entity with GID (0000000300000005).
5/18/2020 2:43:19 PM : Inserting entity with GID (0000000300000006).
5/18/2020 2:43:19 PM : Inserting entity with GID (0000000300000007).
5/18/2020 2:43:19 PM : Inserting entity with GID (0000000300000008).
5/18/2020 2:43:19 PM : Inserting entity with GID (0000000300000009).
5/18/2020 2:43:19 PM : Inserting entity with GID (000000030000000a).
5/18/2020 2:43:19 PM : Inserting entity with GID (000000030000000b).
5/18/2020 2:43:19 PM : Inserting entity with GID (000000030000000c).
5/18/2020 2:43:19 PM : Inserting entity with GID (000000030000000d).
5/18/2020 2:43:19 PM : Inserting entity with GID (000000030000000e).
5/18/2020 2:43:19 PM : Inserting entity with GID (0000000600000001).
5/18/2020 2:43:19 PM : Inserting entity with GID (0000000600000002).
5/18/2020 2:43:19 PM : Inserting entity with GID (0000000600000003).
5/18/2020 2:43:19 PM : Inserting entity with GID (0000000600000004).
5/18/2020 2:43:19 PM : Inserting entity with GID (0000000600000005).
5/18/2020 2:43:19 PM : Inserting entity with GID (0000000600000006).
5/18/2020 2:43:19 PM : Inserting entity with GID (0000000600000007).
5/18/2020 2:43:19 PM : Inserting entity with GID (0000000600000008).
5/18/2020 2:43:19 PM : Inserting entity with GID (0000000600000009).
5/18/2020 2:43:19 PM : Inserting entity with GID (000000060000000a).
5/18/2020 2:43:19 PM : Inserting entity with GID (000000060000000b).
5/18/2020 2:43:19 PM : Inserting entity with GID (000000060000000c).
5/18/2020 2:43:19 PM : Inserting entity with GID (000000060000000d).
5/18/2020 2:43:19 PM : Inserting entity with GID (000000060000000e).
5/18/2020 2:43:19 PM : Inserting entity with GID (000000060000000f).
5/18/2020 2:43:19 PM : Inserting entity with GID (0000000600000010).
5/18/2020 2:43:19 PM : Inserting entity with GID (0000000600000011).
5/18/2020 2:43:19 PM : Inserting entity with GID (0000000600000012).
5/18/2020 2:43:19 PM : Inserting entity with GID (0000000600000013).
5/18/2020 2:43:19 PM : Inserting entity with GID (0000000600000014).
5/18/2020 2:43:19 PM : Inserting entity with GID (0000000600000015).
5/18/2020 2:43:19 PM : Inserting entity with GID (0000000600000016).
5/18/2020 2:43:19 PM : Inserting entity with GID (0000000600000017).
5/18/2020 2:43:19 PM : Inserting entity with GID (0000000600000018).
5/18/2020 2:43:19 PM : Inserting entity with GID (0000000600000019).
5/18/2020 2:43:19 PM : Inserting entity with GID (000000060000001a).
5/18/2020 2:43:19 PM : Inserting entity with GID (000000060000001b).
5/18/2020 2:43:19 PM : Inserting entity with GID (000000060000001c).
5/18/2020 2:43:19 PM : Inserting entity with GID (000000060000001d).
5/18/2020 2:43:19 PM : Inserting entity with GID (000000060000001e).
5/18/2020 2:43:19 PM : Inserting entity with GID (000000060000001f).
5/18/2020 2:43:19 PM : Inserting entity with GID (0000000700000001).
5/18/2020 2:43:19 PM : Inserting entity with GID (0000000700000002).
5/18/2020 2:43:19 PM : Inserting entity with GID (0000000700000003).
5/18/2020 2:43:19 PM : Inserting entity with GID (0000000700000004).
5/18/2020 2:43:19 PM : Inserting entity with GID (0000000700000005).
5/18/2020 2:43:19 PM : Inserting entity with GID (0000000700000006).
5/18/2020 2:43:19 PM : Inserting entity with GID (0000000800000001).
5/18/2020 2:43:19 PM : Inserting entity with GID (0000000800000002).
5/18/2020 2:43:19 PM : Inserting entity with GID (0000000a00000002).
5/18/2020 2:43:19 PM : Inserting entity with GID (0000000200000003).
5/18/2020 2:43:19 PM : Inserting entity with GID (0000000200000004).
5/18/2020 2:43:19 PM : Inserting entity with GID (000000040000000c).
5/18/2020 2:43:19 PM : Inserting entity with GID (000000040000000d).
5/18/2020 2:43:19 PM : Inserting entity with GID (000000040000000e).
5/18/2020 2:43:19 PM : Inserting entity with GID (000000040000000f).
5/18/2020 2:43:19 PM : Inserting entity with GID (0000000400000010).
5/18/2020 2:43:19 PM : Inserting entity with GID (0000000400000011).
5/18/2020 2:43:19 PM : Inserting entity with GID (0000000400000012).
5/18/2020 2:43:19 PM : Inserting entity with GID (0000000400000013).
5/18/2020 2:43:19 PM : Inserting entity with GID (0000000400000014).
5/18/2020 2:43:19 PM : Inserting entity with GID (0000000500000003).
5/18/2020 2:43:19 PM : Inserting entity with GID (0000000500000004).
5/18/2020 2:43:19 PM : Inserting entity with GID (0000000900000002).
5/18/2020 2:43:19 PM : Inserting entity with GID (0000000c00000003).
5/18/2020 2:43:19 PM : Inserting entity with GID (0000000c00000004).
5/18/2020 2:43:19 PM : Inserting entity with GID (0000000d00000012).
5/18/2020 2:43:19 PM : Inserting entity with GID (0000000d00000013).
5/18/2020 2:43:19 PM : Inserting entity with GID (0000000d00000014).
5/18/2020 2:43:19 PM : Inserting entity with GID (0000000d00000015).
5/18/2020 2:43:19 PM : Inserting entity with GID (0000000d00000016).
5/18/2020 2:43:19 PM : Inserting entity with GID (0000000d00000017).
5/18/2020 2:43:19 PM : Inserting entity with GID (0000000d00000018).
5/18/2020 2:43:19 PM : Inserting entity with GID (0000000d00000019).
5/18/2020 2:43:19 PM : Inserting entity with GID (0000000d0000001a).
5/18/2020 2:43:19 PM : Inserting entity with GID (0000000d0000001b).
5/18/2020 2:43:19 PM : Inserting entity with GID (0000000d0000001c).
5/18/2020 2:43:19 PM : Inserting entity with GID (0000000d0000001d).
5/18/2020 2:43:19 PM : Inserting entity with GID (0000000d0000001e).
5/18/2020 2:43:19 PM : Inserting entity with GID (0000000d0000001f).
5/18/2020 2:43:19 PM : Inserting entity with GID (0000000d00000020).
5/18/2020 2:43:19 PM : Inserting entity with GID (000000030000000f).
5/18/2020 2:43:19 PM : Inserting entity with GID (0000000300000010).
5/18/2020 2:43:19 PM : Inserting entity with GID (0000000300000011).
5/18/2020 2:43:19 PM : Inserting entity with GID (0000000300000012).
5/18/2020 2:43:19 PM : Inserting entity with GID (0000000300000013).
5/18/2020 2:43:19 PM : Inserting entity with GID (0000000300000014).
5/18/2020 2:43:19 PM : Inserting entity with GID (0000000300000015).
5/18/2020 2:43:19 PM : Inserting entity with GID (0000000300000016).
5/18/2020 2:43:19 PM : Inserting entity with GID (0000000300000017).
5/18/2020 2:43:19 PM : Inserting entity with GID (0000000300000018).
5/18/2020 2:43:19 PM : Inserting entity with GID (0000000300000019).
5/18/2020 2:43:19 PM : Inserting entity with GID (000000030000001a).
5/18/2020 2:43:19 PM : Inserting entity with GID (0000000600000020).
5/18/2020 2:43:19 PM : Inserting entity with GID (0000000600000021).
5/18/2020 2:43:19 PM : Inserting entity with GID (0000000600000022).
5/18/2020 2:43:19 PM : Inserting entity with GID (0000000600000023).
5/18/2020 2:43:19 PM : Inserting entity with GID (0000000600000024).
5/18/2020 2:43:19 PM : Inserting entity with GID (0000000600000025).
5/18/2020 2:43:19 PM : Inserting entity with GID (0000000600000026).
5/18/2020 2:43:19 PM : Inserting entity with GID (0000000600000027).
5/18/2020 2:43:19 PM : Inserting entity with GID (0000000600000028).
5/18/2020 2:43:19 PM : Inserting entity with GID (0000000600000029).
5/18/2020 2:43:19 PM : Inserting entity with GID (000000060000002a).
5/18/2020 2:43:19 PM : Inserting entity with GID (000000060000002b).
5/18/2020 2:43:19 PM : Inserting entity with GID (000000060000002c).
5/18/2020 2:43:19 PM : Inserting entity with GID (000000060000002d).
5/18/2020 2:43:19 PM : Inserting entity with GID (000000060000002e).
5/18/2020 2:43:19 PM : Inserting entity with GID (000000060000002f).
5/18/2020 2:43:19 PM : Inserting entity with GID (0000000600000030).
5/18/2020 2:43:19 PM : Inserting entity with GID (0000000600000031).
5/18/2020 2:43:19 PM : Inserting entity with GID (0000000600000032).
5/18/2020 2:43:19 PM : Inserting entity with GID (0000000600000033).
5/18/2020 2:43:19 PM : Inserting entity with GID (0000000600000034).
5/18/2020 2:43:19 PM : Inserting entity with GID (0000000600000035).
5/18/2020 2:43:19 PM : Inserting entity with GID (0000000600000036).
5/18/2020 2:43:19 PM : Inserting entity with GID (0000000600000037).
5/18/2020 2:43:19 PM : Inserting entity with GID (0000000600000038).
5/18/2020 2:43:19 PM : Inserting entity with GID (0000000600000039).
5/18/2020 2:43:19 PM : Inserting entity with GID (0000000700000007).
5/18/2020 2:43:19 PM : Inserting entity with GID (0000000700000008).
5/18/2020 2:43:19 PM : Inserting entity with GID (0000000700000009).
5/18/2020 2:43:19 PM : Inserting entity with GID (000000070000000a).
5/18/2020 2:43:19 PM : Inserting entity with GID (000000070000000b).
5/18/2020 2:43:19 PM : Inserting entity with GID (000000070000000c).
5/18/2020 2:43:19 PM : Inserting entity with GID (0000000800000003).
5/18/2020 2:43:19 PM : Inserting entity with GID (0000000800000004).
5/18/2020 2:43:19 PM : Inserting entity with GID (0000000b00000002).
5/18/2020 2:43:19 PM : Inserting entity with GID (0000000a00000003).
5/18/2020 2:43:19 PM : Inserting entity with GID (0000000200000005).
5/18/2020 2:43:19 PM : Inserting entity with GID (0000000200000006).
5/18/2020 2:43:19 PM : Inserting entity with GID (0000000400000015).
5/18/2020 2:43:19 PM : Inserting entity with GID (0000000400000016).
5/18/2020 2:43:19 PM : Inserting entity with GID (0000000400000017).
5/18/2020 2:43:19 PM : Inserting entity with GID (0000000400000018).
5/18/2020 2:43:19 PM : Inserting entity with GID (0000000400000019).
5/18/2020 2:43:19 PM : Inserting entity with GID (000000040000001a).
5/18/2020 2:43:19 PM : Inserting entity with GID (000000040000001b).
5/18/2020 2:43:19 PM : Inserting entity with GID (000000040000001c).
5/18/2020 2:43:19 PM : Inserting entity with GID (000000040000001d).
5/18/2020 2:43:19 PM : Inserting entity with GID (0000000500000005).
5/18/2020 2:43:19 PM : Inserting entity with GID (0000000500000006).
5/18/2020 2:43:19 PM : Inserting entity with GID (0000000900000003).
5/18/2020 2:43:19 PM : Inserting entity with GID (0000000c00000005).
5/18/2020 2:43:19 PM : Inserting entity with GID (0000000c00000006).
5/18/2020 2:43:19 PM : Inserting entity with GID (0000000d00000021).
5/18/2020 2:43:19 PM : Inserting entity with GID (0000000d00000022).
5/18/2020 2:43:19 PM : Inserting entity with GID (0000000d00000023).
5/18/2020 2:43:19 PM : Inserting entity with GID (0000000d00000024).
5/18/2020 2:43:19 PM : Inserting entity with GID (0000000d00000025).
5/18/2020 2:43:19 PM : Inserting entity with GID (0000000d00000026).
5/18/2020 2:43:19 PM : Inserting entity with GID (0000000d00000027).
5/18/2020 2:43:19 PM : Inserting entity with GID (0000000d00000028).
5/18/2020 2:43:19 PM : Inserting entity with GID (0000000d00000029).
5/18/2020 2:43:19 PM : Inserting entity with GID (0000000d0000002a).
5/18/2020 2:43:19 PM : Inserting entity with GID (0000000d0000002b).
5/18/2020 2:43:19 PM : Inserting entity with GID (0000000d0000002c).
5/18/2020 2:43:19 PM : Inserting entity with GID (0000000d0000002d).
5/18/2020 2:43:19 PM : Inserting entity with GID (0000000d0000002e).
5/18/2020 2:43:19 PM : Inserting entity with GID (0000000d0000002f).
5/18/2020 2:43:19 PM : Inserting entity with GID (000000030000001b).
5/18/2020 2:43:19 PM : Inserting entity with GID (000000030000001c).
5/18/2020 2:43:19 PM : Inserting entity with GID (000000030000001d).
5/18/2020 2:43:19 PM : Inserting entity with GID (000000030000001e).
5/18/2020 2:43:19 PM : Inserting entity with GID (000000030000001f).
5/18/2020 2:43:19 PM : Inserting entity with GID (0000000300000020).
5/18/2020 2:43:19 PM : Inserting entity with GID (0000000300000021).
5/18/2020 2:43:19 PM : Inserting entity with GID (0000000300000022).
5/18/2020 2:43:19 PM : Inserting entity with GID (0000000300000023).
5/18/2020 2:43:19 PM : Inserting entity with GID (0000000300000024).
5/18/2020 2:43:19 PM : Inserting entity with GID (0000000300000025).
5/18/2020 2:43:19 PM : Inserting entity with GID (0000000300000026).
5/18/2020 2:43:19 PM : Inserting entity with GID (000000060000003a).
5/18/2020 2:43:19 PM : Inserting entity with GID (000000060000003b).
5/18/2020 2:43:19 PM : Inserting entity with GID (000000060000003c).
5/18/2020 2:43:19 PM : Inserting entity with GID (000000060000003d).
5/18/2020 2:43:19 PM : Inserting entity with GID (000000060000003e).
5/18/2020 2:43:19 PM : Inserting entity with GID (000000060000003f).
5/18/2020 2:43:19 PM : Inserting entity with GID (0000000600000040).
5/18/2020 2:43:19 PM : Inserting entity with GID (0000000600000041).
5/18/2020 2:43:19 PM : Inserting entity with GID (0000000600000042).
5/18/2020 2:43:19 PM : Inserting entity with GID (0000000600000043).
5/18/2020 2:43:19 PM : Inserting entity with GID (0000000600000044).
5/18/2020 2:43:19 PM : Inserting entity with GID (0000000600000045).
5/18/2020 2:43:19 PM : Inserting entity with GID (0000000600000046).
5/18/2020 2:43:19 PM : Inserting entity with GID (0000000600000047).
5/18/2020 2:43:19 PM : Inserting entity with GID (0000000600000048).
5/18/2020 2:43:19 PM : Inserting entity with GID (0000000600000049).
5/18/2020 2:43:19 PM : Inserting entity with GID (000000060000004a).
5/18/2020 2:43:19 PM : Inserting entity with GID (000000060000004b).
5/18/2020 2:43:19 PM : Inserting entity with GID (000000060000004c).
5/18/2020 2:43:19 PM : Inserting entity with GID (000000060000004d).
5/18/2020 2:43:19 PM : Inserting entity with GID (000000060000004e).
5/18/2020 2:43:19 PM : Inserting entity with GID (000000060000004f).
5/18/2020 2:43:19 PM : Inserting entity with GID (0000000600000050).
5/18/2020 2:43:19 PM : Inserting entity with GID (0000000600000051).
5/18/2020 2:43:19 PM : Inserting entity with GID (0000000600000052).
5/18/2020 2:43:19 PM : Inserting entity with GID (0000000600000053).
5/18/2020 2:43:19 PM : Inserting entity with GID (0000000600000054).
5/18/2020 2:43:19 PM : Inserting entity with GID (000000070000000d).
5/18/2020 2:43:19 PM : Inserting entity with GID (000000070000000e).
5/18/2020 2:43:19 PM : Inserting entity with GID (000000070000000f).
5/18/2020 2:43:19 PM : Inserting entity with GID (0000000700000010).
5/18/2020 2:43:19 PM : Inserting entity with GID (0000000700000011).
5/18/2020 2:43:19 PM : Inserting entity with GID (0000000700000012).
5/18/2020 2:43:19 PM : Inserting entity with GID (0000000800000005).
5/18/2020 2:43:19 PM : Inserting entity with GID (0000000800000006).
5/18/2020 2:43:21 PM : The communication object, System.ServiceModel.ServiceHost, cannot be used for communication because it is in the Faulted state.
5/18/2020 2:43:21 PM : NetworkModelService failed.
5/18/2020 2:43:21 PM :    at System.ServiceModel.Channels.CommunicationObject.Close(TimeSpan timeout)
   at System.ServiceModel.Channels.CommunicationObject.Close()
   at FTN.Services.NetworkModelService.NetworkModelService.CloseHosts() in C:\Users\Caki\Desktop\1605\DERMS\DERMS\ModelLabs\NetworkModelService\NetworkModelService.cs:line 112
   at FTN.Services.NetworkModelService.NetworkModelService.Dispose() in C:\Users\Caki\Desktop\1605\DERMS\DERMS\ModelLabs\NetworkModelService\NetworkModelService.cs:line 36
   at FTN.Services.NetworkModelService.Program.Main(String[] args) in C:\Users\Caki\Desktop\1605\DERMS\DERMS\ModelLabs\NetworkModelService\ServiceHost\NetworkModelServiceSelfHost\Program.cs:line 30
